# JRE version: Java(TM) SE Runtime Environment (8.0_301-b09) (build 1.8.0_301-b09)
# Java VM: Java HotSpot(TM) 64-Bit Server VM (25.301-b09 mixed mode windows-amd64 compressed oops)
Heap:
 PSYoungGen      total 281600K, used 46260K [0x000000076bf80000, 0x0000000785600000, 0x00000007c0000000)
  eden space 227840K, 16% used [0x000000076bf80000,0x000000076e4c3ad8,0x0000000779e00000)
  from space 53760K, 15% used [0x0000000779e00000,0x000000077a5e9740,0x000000077d280000)
  to   space 52736K, 0% used [0x0000000782280000,0x0000000782280000,0x0000000785600000)
 ParOldGen       total 254976K, used 101618K [0x00000006c3e00000, 0x00000006d3700000, 0x000000076bf80000)
  object space 254976K, 39% used [0x00000006c3e00000,0x00000006ca13c820,0x00000006d3700000)
 Metaspace       used 28838K, capacity 29087K, committed 29568K, reserved 1075200K
  class space    used 3569K, capacity 3639K, committed 3712K, reserved 1048576K
GC Heap History (10 events):
Event: 8.911 GC heap before
{Heap before GC invocations=14 (full 2):
 PSYoungGen      total 156160K, used 156147K [0x000000076bf80000, 0x000000077b000000, 0x00000007c0000000)
  eden space 129536K, 100% used [0x000000076bf80000,0x0000000773e00000,0x0000000773e00000)
  from space 26624K, 99% used [0x0000000773e00000,0x00000007757fce88,0x0000000775800000)
  to   space 36352K, 0% used [0x0000000778c80000,0x0000000778c80000,0x000000077b000000)
 ParOldGen       total 130560K, used 61753K [0x00000006c3e00000, 0x00000006cbd80000, 0x000000076bf80000)
  object space 130560K, 47% used [0x00000006c3e00000,0x00000006c7a4e4a8,0x00000006cbd80000)
 Metaspace       used 24728K, capacity 24937K, committed 25216K, reserved 1071104K
  class space    used 3046K, capacity 3113K, committed 3200K, reserved 1048576K
Event: 8.934 GC heap after
Heap after GC invocations=14 (full 2):
 PSYoungGen      total 198144K, used 36344K [0x000000076bf80000, 0x000000077ca80000, 0x00000007c0000000)
  eden space 161792K, 0% used [0x000000076bf80000,0x000000076bf80000,0x0000000775d80000)
  from space 36352K, 99% used [0x0000000778c80000,0x000000077affe348,0x000000077b000000)
  to   space 48128K, 0% used [0x0000000775d80000,0x0000000775d80000,0x0000000778c80000)
 ParOldGen       total 130560K, used 78771K [0x00000006c3e00000, 0x00000006cbd80000, 0x000000076bf80000)
  object space 130560K, 60% used [0x00000006c3e00000,0x00000006c8aecc88,0x00000006cbd80000)
 Metaspace       used 24728K, capacity 24937K, committed 25216K, reserved 1071104K
  class space    used 3046K, capacity 3113K, committed 3200K, reserved 1048576K
}
Event: 9.763 GC heap before
{Heap before GC invocations=15 (full 2):
 PSYoungGen      total 198144K, used 198136K [0x000000076bf80000, 0x000000077ca80000, 0x00000007c0000000)
  eden space 161792K, 100% used [0x000000076bf80000,0x0000000775d80000,0x0000000775d80000)
  from space 36352K, 99% used [0x0000000778c80000,0x000000077affe348,0x000000077b000000)
  to   space 48128K, 0% used [0x0000000775d80000,0x0000000775d80000,0x0000000778c80000)
 ParOldGen       total 130560K, used 78771K [0x00000006c3e00000, 0x00000006cbd80000, 0x000000076bf80000)
  object space 130560K, 60% used [0x00000006c3e00000,0x00000006c8aecc88,0x00000006cbd80000)
 Metaspace       used 24749K, capacity 25001K, committed 25472K, reserved 1071104K
  class space    used 3047K, capacity 3113K, committed 3200K, reserved 1048576K
Event: 9.792 GC heap after
Heap after GC invocations=15 (full 2):
 PSYoungGen      total 209920K, used 42373K [0x000000076bf80000, 0x0000000780780000, 0x00000007c0000000)
  eden space 161792K, 0% used [0x000000076bf80000,0x000000076bf80000,0x0000000775d80000)
  from space 48128K, 88% used [0x0000000775d80000,0x00000007786e1748,0x0000000778c80000)
  to   space 54272K, 0% used [0x000000077d280000,0x000000077d280000,0x0000000780780000)
 ParOldGen       total 130560K, used 99926K [0x00000006c3e00000, 0x00000006cbd80000, 0x000000076bf80000)
  object space 130560K, 76% used [0x00000006c3e00000,0x00000006c9f959e8,0x00000006cbd80000)
 Metaspace       used 24749K, capacity 25001K, committed 25472K, reserved 1071104K
  class space    used 3047K, capacity 3113K, committed 3200K, reserved 1048576K
}
Event: 10.766 GC heap before
{Heap before GC invocations=16 (full 2):
 PSYoungGen      total 209920K, used 204165K [0x000000076bf80000, 0x0000000780780000, 0x00000007c0000000)
  eden space 161792K, 100% used [0x000000076bf80000,0x0000000775d80000,0x0000000775d80000)
  from space 48128K, 88% used [0x0000000775d80000,0x00000007786e1748,0x0000000778c80000)
  to   space 54272K, 0% used [0x000000077d280000,0x000000077d280000,0x0000000780780000)
 ParOldGen       total 130560K, used 99926K [0x00000006c3e00000, 0x00000006cbd80000, 0x000000076bf80000)
  object space 130560K, 76% used [0x00000006c3e00000,0x00000006c9f959e8,0x00000006cbd80000)
 Metaspace       used 25293K, capacity 25545K, committed 25856K, reserved 1071104K
  class space    used 3118K, capacity 3209K, committed 3328K, reserved 1048576K
Event: 10.793 GC heap after
Heap after GC invocations=16 (full 2):
 PSYoungGen      total 282112K, used 29040K [0x000000076bf80000, 0x0000000780800000, 0x00000007c0000000)
  eden space 227840K, 0% used [0x000000076bf80000,0x000000076bf80000,0x0000000779e00000)
  from space 54272K, 53% used [0x000000077d280000,0x000000077eedc160,0x0000000780780000)
  to   space 53760K, 0% used [0x0000000779e00000,0x0000000779e00000,0x000000077d280000)
 ParOldGen       total 130560K, used 112925K [0x00000006c3e00000, 0x00000006cbd80000, 0x000000076bf80000)
  object space 130560K, 86% used [0x00000006c3e00000,0x00000006cac47778,0x00000006cbd80000)
 Metaspace       used 25293K, capacity 25545K, committed 25856K, reserved 1071104K
  class space    used 3118K, capacity 3209K, committed 3328K, reserved 1048576K
}
Event: 10.793 GC heap before
{Heap before GC invocations=17 (full 3):
 PSYoungGen      total 282112K, used 29040K [0x000000076bf80000, 0x0000000780800000, 0x00000007c0000000)
  eden space 227840K, 0% used [0x000000076bf80000,0x000000076bf80000,0x0000000779e00000)
  from space 54272K, 53% used [0x000000077d280000,0x000000077eedc160,0x0000000780780000)
  to   space 53760K, 0% used [0x0000000779e00000,0x0000000779e00000,0x000000077d280000)
 ParOldGen       total 130560K, used 112925K [0x00000006c3e00000, 0x00000006cbd80000, 0x000000076bf80000)
  object space 130560K, 86% used [0x00000006c3e00000,0x00000006cac47778,0x00000006cbd80000)
 Metaspace       used 25293K, capacity 25545K, committed 25856K, reserved 1071104K
  class space    used 3118K, capacity 3209K, committed 3328K, reserved 1048576K
Event: 10.873 GC heap after
Heap after GC invocations=17 (full 3):
 PSYoungGen      total 282112K, used 0K [0x000000076bf80000, 0x0000000780800000, 0x00000007c0000000)
  eden space 227840K, 0% used [0x000000076bf80000,0x000000076bf80000,0x0000000779e00000)
  from space 54272K, 0% used [0x000000077d280000,0x000000077d280000,0x0000000780780000)
  to   space 53760K, 0% used [0x0000000779e00000,0x0000000779e00000,0x000000077d280000)
 ParOldGen       total 254976K, used 101610K [0x00000006c3e00000, 0x00000006d3700000, 0x000000076bf80000)
  object space 254976K, 39% used [0x00000006c3e00000,0x00000006ca13a820,0x00000006d3700000)
 Metaspace       used 25293K, capacity 25545K, committed 25856K, reserved 1071104K
  class space    used 3118K, capacity 3209K, committed 3328K, reserved 1048576K
}
Event: 12.382 GC heap before
{Heap before GC invocations=18 (full 3):
 PSYoungGen      total 282112K, used 227840K [0x000000076bf80000, 0x0000000780800000, 0x00000007c0000000)
  eden space 227840K, 100% used [0x000000076bf80000,0x0000000779e00000,0x0000000779e00000)
  from space 54272K, 0% used [0x000000077d280000,0x000000077d280000,0x0000000780780000)
  to   space 53760K, 0% used [0x0000000779e00000,0x0000000779e00000,0x000000077d280000)
 ParOldGen       total 254976K, used 101610K [0x00000006c3e00000, 0x00000006d3700000, 0x000000076bf80000)
  object space 254976K, 39% used [0x00000006c3e00000,0x00000006ca13a820,0x00000006d3700000)
 Metaspace       used 28373K, capacity 28567K, committed 28928K, reserved 1075200K
  class space    used 3496K, capacity 3572K, committed 3584K, reserved 1048576K
Event: 12.386 GC heap after
Heap after GC invocations=18 (full 3):
 PSYoungGen      total 281600K, used 8101K [0x000000076bf80000, 0x0000000785600000, 0x00000007c0000000)
  eden space 227840K, 0% used [0x000000076bf80000,0x000000076bf80000,0x0000000779e00000)
  from space 53760K, 15% used [0x0000000779e00000,0x000000077a5e9740,0x000000077d280000)
  to   space 52736K, 0% used [0x0000000782280000,0x0000000782280000,0x0000000785600000)
 ParOldGen       total 254976K, used 101618K [0x00000006c3e00000, 0x00000006d3700000, 0x000000076bf80000)
  object space 254976K, 39% used [0x00000006c3e00000,0x00000006ca13c820,0x00000006d3700000)
 Metaspace       used 28373K, capacity 28567K, committed 28928K, reserved 1075200K
  class space    used 3496K, capacity 3572K, committed 3584K, reserved 1048576K
}

