# JRE version: Java(TM) SE Runtime Environment (8.0_301-b09) (build 1.8.0_301-b09)
# Java VM: Java HotSpot(TM) 64-Bit Server VM (25.301-b09 mixed mode windows-amd64 compressed oops)
Heap:
 PSYoungGen      total 336384K, used 307828K [0x000000076bf80000, 0x000000078a680000, 0x00000007c0000000)
  eden space 287744K, 90% used [0x000000076bf80000,0x000000077bc9ef98,0x000000077d880000)
  from space 48640K, 99% used [0x000000077d880000,0x00000007807fe258,0x0000000780800000)
  to   space 58368K, 0% used [0x0000000786d80000,0x0000000786d80000,0x000000078a680000)
 ParOldGen       total 267264K, used 106748K [0x00000006c3e00000, 0x00000006d4300000, 0x000000076bf80000)
  object space 267264K, 39% used [0x00000006c3e00000,0x00000006ca63f0a0,0x00000006d4300000)
 Metaspace       used 28831K, capacity 29087K, committed 29568K, reserved 1075200K
  class space    used 3571K, capacity 3639K, committed 3712K, reserved 1048576K
GC Heap History (10 events):
Event: 5.534 GC heap before
{Heap before GC invocations=10 (full 2):
 PSYoungGen      total 140800K, used 127488K [0x000000076bf80000, 0x000000077d780000, 0x00000007c0000000)
  eden space 127488K, 100% used [0x000000076bf80000,0x0000000773c00000,0x0000000773c00000)
  from space 13312K, 0% used [0x0000000773c00000,0x0000000773c00000,0x0000000774900000)
  to   space 15872K, 0% used [0x000000077c800000,0x000000077c800000,0x000000077d780000)
 ParOldGen       total 126464K, used 27465K [0x00000006c3e00000, 0x00000006cb980000, 0x000000076bf80000)
  object space 126464K, 21% used [0x00000006c3e00000,0x00000006c58d2580,0x00000006cb980000)
 Metaspace       used 24680K, capacity 24873K, committed 25216K, reserved 1071104K
  class space    used 3046K, capacity 3113K, committed 3200K, reserved 1048576K
Event: 5.539 GC heap after
Heap after GC invocations=10 (full 2):
 PSYoungGen      total 205824K, used 9548K [0x000000076bf80000, 0x000000077d180000, 0x00000007c0000000)
  eden space 196096K, 0% used [0x000000076bf80000,0x000000076bf80000,0x0000000777f00000)
  from space 9728K, 98% used [0x000000077c800000,0x000000077d153380,0x000000077d180000)
  to   space 15360K, 0% used [0x000000077b380000,0x000000077b380000,0x000000077c280000)
 ParOldGen       total 126464K, used 27473K [0x00000006c3e00000, 0x00000006cb980000, 0x000000076bf80000)
  object space 126464K, 21% used [0x00000006c3e00000,0x00000006c58d4580,0x00000006cb980000)
 Metaspace       used 24680K, capacity 24873K, committed 25216K, reserved 1071104K
  class space    used 3046K, capacity 3113K, committed 3200K, reserved 1048576K
}
Event: 6.822 GC heap before
{Heap before GC invocations=11 (full 2):
 PSYoungGen      total 205824K, used 205644K [0x000000076bf80000, 0x000000077d180000, 0x00000007c0000000)
  eden space 196096K, 100% used [0x000000076bf80000,0x0000000777f00000,0x0000000777f00000)
  from space 9728K, 98% used [0x000000077c800000,0x000000077d153380,0x000000077d180000)
  to   space 15360K, 0% used [0x000000077b380000,0x000000077b380000,0x000000077c280000)
 ParOldGen       total 126464K, used 27473K [0x00000006c3e00000, 0x00000006cb980000, 0x000000076bf80000)
  object space 126464K, 21% used [0x00000006c3e00000,0x00000006c58d4580,0x00000006cb980000)
 Metaspace       used 24706K, capacity 24937K, committed 25216K, reserved 1071104K
  class space    used 3048K, capacity 3113K, committed 3200K, reserved 1048576K
Event: 6.845 GC heap after
Heap after GC invocations=11 (full 2):
 PSYoungGen      total 265216K, used 15337K [0x000000076bf80000, 0x0000000782580000, 0x00000007c0000000)
  eden space 249856K, 0% used [0x000000076bf80000,0x000000076bf80000,0x000000077b380000)
  from space 15360K, 99% used [0x000000077b380000,0x000000077c27a7d8,0x000000077c280000)
  to   space 30208K, 0% used [0x0000000780800000,0x0000000780800000,0x0000000782580000)
 ParOldGen       total 126464K, used 60653K [0x00000006c3e00000, 0x00000006cb980000, 0x000000076bf80000)
  object space 126464K, 47% used [0x00000006c3e00000,0x00000006c793b700,0x00000006cb980000)
 Metaspace       used 24706K, capacity 24937K, committed 25216K, reserved 1071104K
  class space    used 3048K, capacity 3113K, committed 3200K, reserved 1048576K
}
Event: 8.414 GC heap before
{Heap before GC invocations=12 (full 2):
 PSYoungGen      total 265216K, used 265193K [0x000000076bf80000, 0x0000000782580000, 0x00000007c0000000)
  eden space 249856K, 100% used [0x000000076bf80000,0x000000077b380000,0x000000077b380000)
  from space 15360K, 99% used [0x000000077b380000,0x000000077c27a7d8,0x000000077c280000)
  to   space 30208K, 0% used [0x0000000780800000,0x0000000780800000,0x0000000782580000)
 ParOldGen       total 126464K, used 60653K [0x00000006c3e00000, 0x00000006cb980000, 0x000000076bf80000)
  object space 126464K, 47% used [0x00000006c3e00000,0x00000006c793b700,0x00000006cb980000)
 Metaspace       used 24711K, capacity 24937K, committed 25216K, reserved 1071104K
  class space    used 3048K, capacity 3113K, committed 3200K, reserved 1048576K
Event: 8.447 GC heap after
Heap after GC invocations=12 (full 2):
 PSYoungGen      total 317952K, used 30204K [0x000000076bf80000, 0x0000000786980000, 0x00000007c0000000)
  eden space 287744K, 0% used [0x000000076bf80000,0x000000076bf80000,0x000000077d880000)
  from space 30208K, 99% used [0x0000000780800000,0x000000078257f260,0x0000000782580000)
  to   space 48640K, 0% used [0x000000077d880000,0x000000077d880000,0x0000000780800000)
 ParOldGen       total 126464K, used 98071K [0x00000006c3e00000, 0x00000006cb980000, 0x000000076bf80000)
  object space 126464K, 77% used [0x00000006c3e00000,0x00000006c9dc5dc8,0x00000006cb980000)
 Metaspace       used 24711K, capacity 24937K, committed 25216K, reserved 1071104K
  class space    used 3048K, capacity 3113K, committed 3200K, reserved 1048576K
}
Event: 8.447 GC heap before
{Heap before GC invocations=13 (full 3):
 PSYoungGen      total 317952K, used 30204K [0x000000076bf80000, 0x0000000786980000, 0x00000007c0000000)
  eden space 287744K, 0% used [0x000000076bf80000,0x000000076bf80000,0x000000077d880000)
  from space 30208K, 99% used [0x0000000780800000,0x000000078257f260,0x0000000782580000)
  to   space 48640K, 0% used [0x000000077d880000,0x000000077d880000,0x0000000780800000)
 ParOldGen       total 126464K, used 98071K [0x00000006c3e00000, 0x00000006cb980000, 0x000000076bf80000)
  object space 126464K, 77% used [0x00000006c3e00000,0x00000006c9dc5dc8,0x00000006cb980000)
 Metaspace       used 24711K, capacity 24937K, committed 25216K, reserved 1071104K
  class space    used 3048K, capacity 3113K, committed 3200K, reserved 1048576K
Event: 8.527 GC heap after
Heap after GC invocations=13 (full 3):
 PSYoungGen      total 317952K, used 0K [0x000000076bf80000, 0x0000000786980000, 0x00000007c0000000)
  eden space 287744K, 0% used [0x000000076bf80000,0x000000076bf80000,0x000000077d880000)
  from space 30208K, 0% used [0x0000000780800000,0x0000000780800000,0x0000000782580000)
  to   space 48640K, 0% used [0x000000077d880000,0x000000077d880000,0x0000000780800000)
 ParOldGen       total 267264K, used 100928K [0x00000006c3e00000, 0x00000006d4300000, 0x000000076bf80000)
  object space 267264K, 37% used [0x00000006c3e00000,0x00000006ca090088,0x00000006d4300000)
 Metaspace       used 24711K, capacity 24937K, committed 25216K, reserved 1071104K
  class space    used 3048K, capacity 3113K, committed 3200K, reserved 1048576K
}
Event: 9.914 GC heap before
{Heap before GC invocations=14 (full 3):
 PSYoungGen      total 317952K, used 287744K [0x000000076bf80000, 0x0000000786980000, 0x00000007c0000000)
  eden space 287744K, 100% used [0x000000076bf80000,0x000000077d880000,0x000000077d880000)
  from space 30208K, 0% used [0x0000000780800000,0x0000000780800000,0x0000000782580000)
  to   space 48640K, 0% used [0x000000077d880000,0x000000077d880000,0x0000000780800000)
 ParOldGen       total 267264K, used 100928K [0x00000006c3e00000, 0x00000006d4300000, 0x000000076bf80000)
  object space 267264K, 37% used [0x00000006c3e00000,0x00000006ca090088,0x00000006d4300000)
 Metaspace       used 25515K, capacity 25737K, committed 26112K, reserved 1073152K
  class space    used 3160K, capacity 3209K, committed 3328K, reserved 1048576K
Event: 9.946 GC heap after
Heap after GC invocations=14 (full 3):
 PSYoungGen      total 336384K, used 48632K [0x000000076bf80000, 0x000000078a680000, 0x00000007c0000000)
  eden space 287744K, 0% used [0x000000076bf80000,0x000000076bf80000,0x000000077d880000)
  from space 48640K, 99% used [0x000000077d880000,0x00000007807fe258,0x0000000780800000)
  to   space 58368K, 0% used [0x0000000786d80000,0x0000000786d80000,0x000000078a680000)
 ParOldGen       total 267264K, used 106748K [0x00000006c3e00000, 0x00000006d4300000, 0x000000076bf80000)
  object space 267264K, 39% used [0x00000006c3e00000,0x00000006ca63f0a0,0x00000006d4300000)
 Metaspace       used 25515K, capacity 25737K, committed 26112K, reserved 1073152K
  class space    used 3160K, capacity 3209K, committed 3328K, reserved 1048576K
}

