# JRE version: Java(TM) SE Runtime Environment (8.0_301-b09) (build 1.8.0_301-b09)
# Java VM: Java HotSpot(TM) 64-Bit Server VM (25.301-b09 mixed mode windows-amd64 compressed oops)
Heap:
 PSYoungGen      total 352768K, used 94169K [0x000000076bf80000, 0x0000000785a80000, 0x00000007c0000000)
  eden space 296960K, 29% used [0x000000076bf80000,0x0000000771576838,0x000000077e180000)
  from space 55808K, 11% used [0x0000000782400000,0x00000007829fff20,0x0000000785a80000)
  to   space 61952K, 0% used [0x000000077e180000,0x000000077e180000,0x0000000781e00000)
 ParOldGen       total 251392K, used 109241K [0x00000006c3e00000, 0x00000006d3380000, 0x000000076bf80000)
  object space 251392K, 43% used [0x00000006c3e00000,0x00000006ca8ae418,0x00000006d3380000)
 Metaspace       used 29533K, capacity 29777K, committed 30080K, reserved 1075200K
  class space    used 3631K, capacity 3699K, committed 3712K, reserved 1048576K
GC Heap History (10 events):
Event: 20.138 GC heap before
{Heap before GC invocations=15 (full 2):
 PSYoungGen      total 192512K, used 192494K [0x000000076bf80000, 0x000000077c580000, 0x00000007c0000000)
  eden space 157184K, 100% used [0x000000076bf80000,0x0000000775900000,0x0000000775900000)
  from space 35328K, 99% used [0x0000000778700000,0x000000077a97b8c8,0x000000077a980000)
  to   space 47104K, 0% used [0x0000000775900000,0x0000000775900000,0x0000000778700000)
 ParOldGen       total 128000K, used 77308K [0x00000006c3e00000, 0x00000006cbb00000, 0x000000076bf80000)
  object space 128000K, 60% used [0x00000006c3e00000,0x00000006c897f3c0,0x00000006cbb00000)
 Metaspace       used 24742K, capacity 24937K, committed 25216K, reserved 1071104K
  class space    used 3049K, capacity 3113K, committed 3200K, reserved 1048576K
Event: 20.168 GC heap after
Heap after GC invocations=15 (full 2):
 PSYoungGen      total 204288K, used 47087K [0x000000076bf80000, 0x0000000780c80000, 0x00000007c0000000)
  eden space 157184K, 0% used [0x000000076bf80000,0x000000076bf80000,0x0000000775900000)
  from space 47104K, 99% used [0x0000000775900000,0x00000007786fbec0,0x0000000778700000)
  to   space 60928K, 0% used [0x000000077d100000,0x000000077d100000,0x0000000780c80000)
 ParOldGen       total 128000K, used 93291K [0x00000006c3e00000, 0x00000006cbb00000, 0x000000076bf80000)
  object space 128000K, 72% used [0x00000006c3e00000,0x00000006c991acf8,0x00000006cbb00000)
 Metaspace       used 24742K, capacity 24937K, committed 25216K, reserved 1071104K
  class space    used 3049K, capacity 3113K, committed 3200K, reserved 1048576K
}
Event: 21.320 GC heap before
{Heap before GC invocations=16 (full 2):
 PSYoungGen      total 204288K, used 204271K [0x000000076bf80000, 0x0000000780c80000, 0x00000007c0000000)
  eden space 157184K, 100% used [0x000000076bf80000,0x0000000775900000,0x0000000775900000)
  from space 47104K, 99% used [0x0000000775900000,0x00000007786fbec0,0x0000000778700000)
  to   space 60928K, 0% used [0x000000077d100000,0x000000077d100000,0x0000000780c80000)
 ParOldGen       total 128000K, used 93291K [0x00000006c3e00000, 0x00000006cbb00000, 0x000000076bf80000)
  object space 128000K, 72% used [0x00000006c3e00000,0x00000006c991acf8,0x00000006cbb00000)
 Metaspace       used 25080K, capacity 25353K, committed 25856K, reserved 1071104K
  class space    used 3098K, capacity 3209K, committed 3328K, reserved 1048576K
Event: 21.363 GC heap after
Heap after GC invocations=16 (full 2):
 PSYoungGen      total 276992K, used 41586K [0x000000076bf80000, 0x0000000781780000, 0x00000007c0000000)
  eden space 216064K, 0% used [0x000000076bf80000,0x000000076bf80000,0x0000000779280000)
  from space 60928K, 68% used [0x000000077d100000,0x000000077f99c840,0x0000000780c80000)
  to   space 64000K, 0% used [0x0000000779280000,0x0000000779280000,0x000000077d100000)
 ParOldGen       total 128000K, used 114987K [0x00000006c3e00000, 0x00000006cbb00000, 0x000000076bf80000)
  object space 128000K, 89% used [0x00000006c3e00000,0x00000006cae4ae70,0x00000006cbb00000)
 Metaspace       used 25080K, capacity 25353K, committed 25856K, reserved 1071104K
  class space    used 3098K, capacity 3209K, committed 3328K, reserved 1048576K
}
Event: 21.363 GC heap before
{Heap before GC invocations=17 (full 3):
 PSYoungGen      total 276992K, used 41586K [0x000000076bf80000, 0x0000000781780000, 0x00000007c0000000)
  eden space 216064K, 0% used [0x000000076bf80000,0x000000076bf80000,0x0000000779280000)
  from space 60928K, 68% used [0x000000077d100000,0x000000077f99c840,0x0000000780c80000)
  to   space 64000K, 0% used [0x0000000779280000,0x0000000779280000,0x000000077d100000)
 ParOldGen       total 128000K, used 114987K [0x00000006c3e00000, 0x00000006cbb00000, 0x000000076bf80000)
  object space 128000K, 89% used [0x00000006c3e00000,0x00000006cae4ae70,0x00000006cbb00000)
 Metaspace       used 25080K, capacity 25353K, committed 25856K, reserved 1071104K
  class space    used 3098K, capacity 3209K, committed 3328K, reserved 1048576K
Event: 21.465 GC heap after
Heap after GC invocations=17 (full 3):
 PSYoungGen      total 276992K, used 0K [0x000000076bf80000, 0x0000000781780000, 0x00000007c0000000)
  eden space 216064K, 0% used [0x000000076bf80000,0x000000076bf80000,0x0000000779280000)
  from space 60928K, 0% used [0x000000077d100000,0x000000077d100000,0x0000000780c80000)
  to   space 64000K, 0% used [0x0000000779280000,0x0000000779280000,0x000000077d100000)
 ParOldGen       total 251392K, used 104638K [0x00000006c3e00000, 0x00000006d3380000, 0x000000076bf80000)
  object space 251392K, 41% used [0x00000006c3e00000,0x00000006ca42f960,0x00000006d3380000)
 Metaspace       used 25080K, capacity 25353K, committed 25856K, reserved 1071104K
  class space    used 3098K, capacity 3209K, committed 3328K, reserved 1048576K
}
Event: 24.335 GC heap before
{Heap before GC invocations=18 (full 3):
 PSYoungGen      total 276992K, used 216064K [0x000000076bf80000, 0x0000000781780000, 0x00000007c0000000)
  eden space 216064K, 100% used [0x000000076bf80000,0x0000000779280000,0x0000000779280000)
  from space 60928K, 0% used [0x000000077d100000,0x000000077d100000,0x0000000780c80000)
  to   space 64000K, 0% used [0x0000000779280000,0x0000000779280000,0x000000077d100000)
 ParOldGen       total 251392K, used 104638K [0x00000006c3e00000, 0x00000006d3380000, 0x000000076bf80000)
  object space 251392K, 41% used [0x00000006c3e00000,0x00000006ca42f960,0x00000006d3380000)
 Metaspace       used 27816K, capacity 28049K, committed 28416K, reserved 1075200K
  class space    used 3430K, capacity 3507K, committed 3584K, reserved 1048576K
Event: 24.341 GC heap after
Heap after GC invocations=18 (full 3):
 PSYoungGen      total 280064K, used 7769K [0x000000076bf80000, 0x0000000786180000, 0x00000007c0000000)
  eden space 216064K, 0% used [0x000000076bf80000,0x000000076bf80000,0x0000000779280000)
  from space 64000K, 12% used [0x0000000779280000,0x0000000779a166a0,0x000000077d100000)
  to   space 62976K, 0% used [0x0000000782400000,0x0000000782400000,0x0000000786180000)
 ParOldGen       total 251392K, used 104646K [0x00000006c3e00000, 0x00000006d3380000, 0x000000076bf80000)
  object space 251392K, 41% used [0x00000006c3e00000,0x00000006ca431960,0x00000006d3380000)
 Metaspace       used 27816K, capacity 28049K, committed 28416K, reserved 1075200K
  class space    used 3430K, capacity 3507K, committed 3584K, reserved 1048576K
}
Event: 25.591 GC heap before
{Heap before GC invocations=19 (full 3):
 PSYoungGen      total 280064K, used 223833K [0x000000076bf80000, 0x0000000786180000, 0x00000007c0000000)
  eden space 216064K, 100% used [0x000000076bf80000,0x0000000779280000,0x0000000779280000)
  from space 64000K, 12% used [0x0000000779280000,0x0000000779a166a0,0x000000077d100000)
  to   space 62976K, 0% used [0x0000000782400000,0x0000000782400000,0x0000000786180000)
 ParOldGen       total 251392K, used 104646K [0x00000006c3e00000, 0x00000006d3380000, 0x000000076bf80000)
  object space 251392K, 41% used [0x00000006c3e00000,0x00000006ca431960,0x00000006d3380000)
 Metaspace       used 29259K, capacity 29521K, committed 29824K, reserved 1075200K
  class space    used 3604K, capacity 3699K, committed 3712K, reserved 1048576K
Event: 25.600 GC heap after
Heap after GC invocations=19 (full 3):
 PSYoungGen      total 352768K, used 6143K [0x000000076bf80000, 0x0000000785a80000, 0x00000007c0000000)
  eden space 296960K, 0% used [0x000000076bf80000,0x000000076bf80000,0x000000077e180000)
  from space 55808K, 11% used [0x0000000782400000,0x00000007829fff20,0x0000000785a80000)
  to   space 61952K, 0% used [0x000000077e180000,0x000000077e180000,0x0000000781e00000)
 ParOldGen       total 251392K, used 109241K [0x00000006c3e00000, 0x00000006d3380000, 0x000000076bf80000)
  object space 251392K, 43% used [0x00000006c3e00000,0x00000006ca8ae418,0x00000006d3380000)
 Metaspace       used 29259K, capacity 29521K, committed 29824K, reserved 1075200K
  class space    used 3604K, capacity 3699K, committed 3712K, reserved 1048576K
}

